<?xml version="1.0" encoding="UTF-8"?>
<testng-results ignored="0" total="1" passed="0" failed="1" skipped="0">
    <reporter-output>
    </reporter-output>
    <suite started-at="2019-11-13T04:27:39Z" name="Default suite" finished-at="2019-11-13T04:27:42Z" duration-ms="2211">
        <groups>
        </groups>
        <test started-at="2019-11-13T04:27:39Z" name="Default test" finished-at="2019-11-13T04:27:42Z"
              duration-ms="2211">
            <class name="com.nbcuni.test.vamservice.tests.Validate_VamRequest">
                <test-method is-config="true"
                             signature="setup()[pri:0, instance:com.nbcuni.test.vamservice.tests.Validate_VamRequest@17c1bced]"
                             started-at="2019-11-13T04:27:39Z" name="setup" finished-at="2019-11-13T04:27:40Z"
                             duration-ms="193" status="PASS">
                    <reporter-output>
                    </reporter-output>
                </test-method> <!-- setup -->
                <test-method is-config="true"
                             signature="checkDB()[pri:0, instance:com.nbcuni.test.vamservice.tests.Validate_VamRequest@17c1bced]"
                             started-at="2019-11-13T04:27:40Z" name="checkDB" finished-at="2019-11-13T04:27:40Z"
                             duration-ms="0" status="PASS">
                    <reporter-output>
                    </reporter-output>
                </test-method> <!-- checkDB -->
                <test-method
                        signature="readDataFromFile()[pri:0, instance:com.nbcuni.test.vamservice.tests.Validate_VamRequest@17c1bced]"
                        started-at="2019-11-13T04:27:40Z" name="readDataFromFile" finished-at="2019-11-13T04:27:41Z"
                        duration-ms="1819" status="FAIL">
                    <exception class="com.google.gson.JsonSyntaxException">
                        <message>
                            <![CDATA[com.google.gson.stream.MalformedJsonException: Use JsonReader.setLenient(true) to accept malformed JSON at line 2 column 2 path $]]>
                        </message>
                        <full-stacktrace>
                            <![CDATA[com.google.gson.JsonSyntaxException: com.google.gson.stream.MalformedJsonException: Use JsonReader.setLenient(true) to accept malformed JSON at line 2 column 2 path $
at com.google.gson.JsonParser.parse(JsonParser.java:65)
at com.google.gson.JsonParser.parse(JsonParser.java:45)
at com.nbcuni.test.vamservice.tests.Validate_VamResponse.validateResponse(Validate_VamResponse.java:18)
at com.nbcuni.test.vamservice.tests.Validate_VamRequest.readDataFromSheet(Validate_VamRequest.java:135)
at com.nbcuni.test.vamservice.tests.Validate_VamRequest.readDataFromFile(Validate_VamRequest.java:151)
at java.base/jdk.internal.reflect.NativeMethodAccessorImpl.invoke0(Native Method)
at java.base/jdk.internal.reflect.NativeMethodAccessorImpl.invoke(NativeMethodAccessorImpl.java:62)
at java.base/jdk.internal.reflect.DelegatingMethodAccessorImpl.invoke(DelegatingMethodAccessorImpl.java:43)
at java.base/java.lang.reflect.Method.invoke(Method.java:567)
at org.testng.internal.MethodInvocationHelper.invokeMethod(MethodInvocationHelper.java:124)
at org.testng.internal.Invoker.invokeMethod(Invoker.java:583)
at org.testng.internal.Invoker.invokeTestMethod(Invoker.java:719)
at org.testng.internal.Invoker.invokeTestMethods(Invoker.java:989)
at org.testng.internal.TestMethodWorker.invokeTestMethods(TestMethodWorker.java:125)
at org.testng.internal.TestMethodWorker.run(TestMethodWorker.java:109)
at org.testng.TestRunner.privateRun(TestRunner.java:648)
at org.testng.TestRunner.run(TestRunner.java:505)
at org.testng.SuiteRunner.runTest(SuiteRunner.java:455)
at org.testng.SuiteRunner.runSequentially(SuiteRunner.java:450)
at org.testng.SuiteRunner.privateRun(SuiteRunner.java:415)
at org.testng.SuiteRunner.run(SuiteRunner.java:364)
at org.testng.SuiteRunnerWorker.runSuite(SuiteRunnerWorker.java:52)
at org.testng.SuiteRunnerWorker.run(SuiteRunnerWorker.java:84)
at org.testng.TestNG.runSuitesSequentially(TestNG.java:1208)
at org.testng.TestNG.runSuitesLocally(TestNG.java:1137)
at org.testng.TestNG.runSuites(TestNG.java:1049)
at org.testng.TestNG.run(TestNG.java:1017)
at org.testng.remote.AbstractRemoteTestNG.run(AbstractRemoteTestNG.java:115)
at org.testng.remote.RemoteTestNG.initAndRun(RemoteTestNG.java:251)
at org.testng.remote.RemoteTestNG.main(RemoteTestNG.java:77)
Caused by: com.google.gson.stream.MalformedJsonException: Use JsonReader.setLenient(true) to accept malformed JSON at line 2 column 2 path $
at com.google.gson.stream.JsonReader.syntaxError(JsonReader.java:1568)
at com.google.gson.stream.JsonReader.checkLenient(JsonReader.java:1409)
at com.google.gson.stream.JsonReader.doPeek(JsonReader.java:542)
at com.google.gson.stream.JsonReader.peek(JsonReader.java:425)
at com.google.gson.JsonParser.parse(JsonParser.java:60)
... 29 more
]]>
                        </full-stacktrace>
                    </exception> <!-- com.google.gson.JsonSyntaxException -->
                    <reporter-output>
                    </reporter-output>
                </test-method> <!-- readDataFromFile -->
                <test-method is-config="true"
                             signature="endTest()[pri:0, instance:com.nbcuni.test.vamservice.tests.Validate_VamRequest@17c1bced]"
                             started-at="2019-11-13T04:27:41Z" name="endTest" finished-at="2019-11-13T04:27:42Z"
                             duration-ms="183" status="PASS">
                    <reporter-output>
                    </reporter-output>
                </test-method> <!-- endTest -->
            </class> <!-- com.nbcuni.test.vamservice.tests.Validate_VamRequest -->
        </test> <!-- Default test -->
    </suite> <!-- Default suite -->
</testng-results>
